{
  "stats": {
    "suites": 2,
    "tests": 1,
    "passes": 1,
    "pending": 0,
    "failures": 0,
    "start": "2025-07-22T21:34:08.046Z",
    "end": "2025-07-22T21:34:16.101Z",
    "duration": 8055,
    "testsRegistered": 1,
    "passPercent": 100,
    "pendingPercent": 0,
    "other": 0,
    "hasOther": false,
    "skipped": 0,
    "hasSkipped": false
  },
  "results": [
    {
      "uuid": "ef14a138-1bdb-443e-9bbb-3d981955d731",
      "title": "",
      "fullFile": "/home/guest/Desktop/projetos/banco-api-tests/test/login.test.js",
      "file": "/test/login.test.js",
      "beforeHooks": [],
      "afterHooks": [],
      "tests": [],
      "suites": [
        {
          "uuid": "5a2d0102-aa28-4a50-a24c-7c31ecb138f8",
          "title": "Login",
          "fullFile": "/home/guest/Desktop/projetos/banco-api-tests/test/login.test.js",
          "file": "/test/login.test.js",
          "beforeHooks": [],
          "afterHooks": [],
          "tests": [],
          "suites": [
            {
              "uuid": "297f3e66-4aae-4be5-9bd8-119616747d53",
              "title": "POST/login",
              "fullFile": "/home/guest/Desktop/projetos/banco-api-tests/test/login.test.js",
              "file": "/test/login.test.js",
              "beforeHooks": [],
              "afterHooks": [],
              "tests": [
                {
                  "title": "Deve retornar 200 com um token em string quando usar credenciais validas",
                  "fullTitle": "Login POST/login Deve retornar 200 com um token em string quando usar credenciais validas",
                  "timedOut": false,
                  "duration": 8048,
                  "state": "passed",
                  "speed": "slow",
                  "pass": true,
                  "fail": false,
                  "pending": false,
                  "context": null,
                  "code": "const resposta = await request('http://localhost:3000')\n    .post('/login')\n    .set('Content-Type', 'application/json')\n    .send({\n        'username': 'julio.lima',\n         'senha':  '123456'\n        })                          \n\nexpect(resposta.status).to.equal(200);\nexpect(resposta.body.token).to.be.a('string');",
                  "err": {},
                  "uuid": "67be3a53-f92e-4f3b-89bd-587ed4efeaa9",
                  "parentUUID": "297f3e66-4aae-4be5-9bd8-119616747d53",
                  "isHook": false,
                  "skipped": false
                }
              ],
              "suites": [],
              "passes": [
                "67be3a53-f92e-4f3b-89bd-587ed4efeaa9"
              ],
              "failures": [],
              "pending": [],
              "skipped": [],
              "duration": 8048,
              "root": false,
              "rootEmpty": false,
              "_timeout": 20000
            }
          ],
          "passes": [],
          "failures": [],
          "pending": [],
          "skipped": [],
          "duration": 0,
          "root": false,
          "rootEmpty": false,
          "_timeout": 20000
        }
      ],
      "passes": [],
      "failures": [],
      "pending": [],
      "skipped": [],
      "duration": 0,
      "root": true,
      "rootEmpty": true,
      "_timeout": 20000
    }
  ],
  "meta": {
    "mocha": {
      "version": "11.7.1"
    },
    "mochawesome": {
      "options": {
        "quiet": false,
        "reportFilename": "mochawesome",
        "saveHtml": true,
        "saveJson": true,
        "consoleReporter": "spec",
        "useInlineDiffs": false,
        "code": true
      },
      "version": "7.1.3"
    },
    "marge": {
      "options": null,
      "version": "6.2.0"
    }
  }
}